[33mWARNING[0m:  [04-05-2025 14:57:10] chroma_server_nofile is set to 65535, but this is less than current soft limit of 1048575. chroma_server_nofile will not be set.
[33mWARNING[0m:  [04-05-2025 15:54:10] chroma_server_nofile is set to 65535, but this is less than current soft limit of 1048575. chroma_server_nofile will not be set.
[33mWARNING[0m:  [04-05-2025 16:16:49] chroma_server_nofile is set to 65535, but this is less than current soft limit of 1048575. chroma_server_nofile will not be set.
[33mWARNING[0m:  [04-05-2025 16:21:58] chroma_server_nofile is set to 65535, but this is less than current soft limit of 1048575. chroma_server_nofile will not be set.
[33mWARNING[0m:  [04-05-2025 16:24:30] chroma_server_nofile is set to 65535, but this is less than current soft limit of 1048575. chroma_server_nofile will not be set.
[32mINFO[0m:     [04-05-2025 16:24:30] Anonymized telemetry enabled. See                     https://docs.trychroma.com/telemetry for more information.
[36mDEBUG[0m:    [04-05-2025 16:24:30] Starting component System
[36mDEBUG[0m:    [04-05-2025 16:24:30] Starting component OpenTelemetryClient
[36mDEBUG[0m:    [04-05-2025 16:24:30] Starting component SimpleAssignmentPolicy
[36mDEBUG[0m:    [04-05-2025 16:24:30] Starting component SqliteDB
[36mDEBUG[0m:    [04-05-2025 16:24:30] Starting component QuotaEnforcer
[36mDEBUG[0m:    [04-05-2025 16:24:30] Starting component Posthog
[36mDEBUG[0m:    [04-05-2025 16:24:30] Starting component LocalSegmentManager
[36mDEBUG[0m:    [04-05-2025 16:24:30] Starting component SegmentAPI
[32mINFO[0m:     [04-05-2025 16:24:30] Started server process [[36m34162[0m]
[32mINFO[0m:     [04-05-2025 16:24:30] Waiting for application startup.
[32mINFO[0m:     [04-05-2025 16:24:30] Application startup complete.
[32mINFO[0m:     [04-05-2025 16:24:30] Uvicorn running on [1mhttp://0.0.0.0:8000[0m (Press CTRL+C to quit)
[32mINFO[0m:     [04-05-2025 16:39:07] 127.0.0.1:55721 - "GET /api/v2/tenants/default_tenant HTTP/1.1" 404
[32mINFO[0m:     [04-05-2025 21:06:12] Shutting down
[32mINFO[0m:     [04-05-2025 21:06:12] Waiting for application shutdown.
[36mDEBUG[0m:    [04-05-2025 21:06:12] Stopping component System
[36mDEBUG[0m:    [04-05-2025 21:06:12] Stopping component SegmentAPI
[36mDEBUG[0m:    [04-05-2025 21:06:12] Stopping component LocalSegmentManager
[36mDEBUG[0m:    [04-05-2025 21:06:12] Stopping component Posthog
[36mDEBUG[0m:    [04-05-2025 21:06:12] Stopping component QuotaEnforcer
[36mDEBUG[0m:    [04-05-2025 21:06:12] Stopping component SqliteDB
[36mDEBUG[0m:    [04-05-2025 21:06:12] Stopping component SimpleAssignmentPolicy
[36mDEBUG[0m:    [04-05-2025 21:06:12] Stopping component OpenTelemetryClient
[32mINFO[0m:     [04-05-2025 21:06:12] Application shutdown complete.
[32mINFO[0m:     [04-05-2025 21:06:12] Finished server process [[36m34162[0m]
[33mWARNING[0m:  [04-05-2025 21:06:15] chroma_server_nofile is set to 65535, but this is less than current soft limit of 1048575. chroma_server_nofile will not be set.
[32mINFO[0m:     [04-05-2025 21:06:16] Anonymized telemetry enabled. See                     https://docs.trychroma.com/telemetry for more information.
[36mDEBUG[0m:    [04-05-2025 21:06:16] Starting component System
[36mDEBUG[0m:    [04-05-2025 21:06:16] Starting component OpenTelemetryClient
[36mDEBUG[0m:    [04-05-2025 21:06:16] Starting component SimpleAssignmentPolicy
[36mDEBUG[0m:    [04-05-2025 21:06:16] Starting component SqliteDB
[36mDEBUG[0m:    [04-05-2025 21:06:16] Starting component QuotaEnforcer
[36mDEBUG[0m:    [04-05-2025 21:06:16] Starting component Posthog
[36mDEBUG[0m:    [04-05-2025 21:06:16] Starting component LocalSegmentManager
[36mDEBUG[0m:    [04-05-2025 21:06:16] Starting component SegmentAPI
[32mINFO[0m:     [04-05-2025 21:06:16] Started server process [[36m75094[0m]
[32mINFO[0m:     [04-05-2025 21:06:16] Waiting for application startup.
[32mINFO[0m:     [04-05-2025 21:06:16] Application startup complete.
[32mINFO[0m:     [04-05-2025 21:06:16] Uvicorn running on [1mhttp://0.0.0.0:8000[0m (Press CTRL+C to quit)
[32mINFO[0m:     [04-05-2025 21:06:44] 127.0.0.1:50557 - "GET /api/v2/tenants/default_tenant HTTP/1.1" 404
[32mINFO[0m:     [04-05-2025 21:09:57] 127.0.0.1:50824 - "POST /api/v2/tenants HTTP/1.1" 404
[32mINFO[0m:     [04-05-2025 21:14:15] Shutting down
[32mINFO[0m:     [04-05-2025 21:14:15] Waiting for application shutdown.
[36mDEBUG[0m:    [04-05-2025 21:14:15] Stopping component System
[36mDEBUG[0m:    [04-05-2025 21:14:15] Stopping component SegmentAPI
[36mDEBUG[0m:    [04-05-2025 21:14:15] Stopping component LocalSegmentManager
[36mDEBUG[0m:    [04-05-2025 21:14:15] Stopping component Posthog
[36mDEBUG[0m:    [04-05-2025 21:14:15] Stopping component QuotaEnforcer
[36mDEBUG[0m:    [04-05-2025 21:14:15] Stopping component SqliteDB
[36mDEBUG[0m:    [04-05-2025 21:14:15] Stopping component SimpleAssignmentPolicy
[36mDEBUG[0m:    [04-05-2025 21:14:15] Stopping component OpenTelemetryClient
[32mINFO[0m:     [04-05-2025 21:14:15] Application shutdown complete.
[32mINFO[0m:     [04-05-2025 21:14:15] Finished server process [[36m75094[0m]
[33mWARNING[0m:  [04-05-2025 21:18:36] chroma_server_nofile is set to 65535, but this is less than current soft limit of 1048575. chroma_server_nofile will not be set.
[32mINFO[0m:     [04-05-2025 21:18:37] Anonymized telemetry enabled. See                     https://docs.trychroma.com/telemetry for more information.
[36mDEBUG[0m:    [04-05-2025 21:18:37] Starting component System
[36mDEBUG[0m:    [04-05-2025 21:18:37] Starting component OpenTelemetryClient
[36mDEBUG[0m:    [04-05-2025 21:18:37] Starting component SimpleAssignmentPolicy
[36mDEBUG[0m:    [04-05-2025 21:18:37] Starting component SqliteDB
[36mDEBUG[0m:    [04-05-2025 21:18:37] Starting component QuotaEnforcer
[36mDEBUG[0m:    [04-05-2025 21:18:37] Starting component Posthog
[36mDEBUG[0m:    [04-05-2025 21:18:37] Starting component LocalSegmentManager
[36mDEBUG[0m:    [04-05-2025 21:18:37] Starting component SegmentAPI
[32mINFO[0m:     [04-05-2025 21:18:37] Started server process [[36m92546[0m]
[32mINFO[0m:     [04-05-2025 21:18:37] Waiting for application startup.
[32mINFO[0m:     [04-05-2025 21:18:37] Application startup complete.
[32mINFO[0m:     [04-05-2025 21:18:37] Uvicorn running on [1mhttp://0.0.0.0:8000[0m (Press CTRL+C to quit)
[32mINFO[0m:     [04-05-2025 21:19:36] 127.0.0.1:51651 - "GET /api/v2/tenants/default_tenant HTTP/1.1" 404
[32mINFO[0m:     [04-05-2025 21:20:17] Shutting down
[32mINFO[0m:     [04-05-2025 21:20:17] Waiting for application shutdown.
[36mDEBUG[0m:    [04-05-2025 21:20:17] Stopping component System
[36mDEBUG[0m:    [04-05-2025 21:20:17] Stopping component SegmentAPI
[36mDEBUG[0m:    [04-05-2025 21:20:17] Stopping component LocalSegmentManager
[36mDEBUG[0m:    [04-05-2025 21:20:17] Stopping component Posthog
[36mDEBUG[0m:    [04-05-2025 21:20:17] Stopping component QuotaEnforcer
[36mDEBUG[0m:    [04-05-2025 21:20:17] Stopping component SqliteDB
[36mDEBUG[0m:    [04-05-2025 21:20:17] Stopping component SimpleAssignmentPolicy
[36mDEBUG[0m:    [04-05-2025 21:20:17] Stopping component OpenTelemetryClient
[32mINFO[0m:     [04-05-2025 21:20:17] Application shutdown complete.
[32mINFO[0m:     [04-05-2025 21:20:17] Finished server process [[36m92546[0m]
[33mWARNING[0m:  [04-05-2025 21:20:26] chroma_server_nofile is set to 65535, but this is less than current soft limit of 1048575. chroma_server_nofile will not be set.
[32mINFO[0m:     [04-05-2025 21:20:27] Anonymized telemetry enabled. See                     https://docs.trychroma.com/telemetry for more information.
[36mDEBUG[0m:    [04-05-2025 21:20:27] Starting component System
[36mDEBUG[0m:    [04-05-2025 21:20:27] Starting component OpenTelemetryClient
[36mDEBUG[0m:    [04-05-2025 21:20:27] Starting component SimpleAssignmentPolicy
[36mDEBUG[0m:    [04-05-2025 21:20:27] Starting component SqliteDB
[36mDEBUG[0m:    [04-05-2025 21:20:27] Starting component QuotaEnforcer
[36mDEBUG[0m:    [04-05-2025 21:20:27] Starting component Posthog
[36mDEBUG[0m:    [04-05-2025 21:20:27] Starting component LocalSegmentManager
[36mDEBUG[0m:    [04-05-2025 21:20:27] Starting component SegmentAPI
[32mINFO[0m:     [04-05-2025 21:20:27] Started server process [[36m94835[0m]
[32mINFO[0m:     [04-05-2025 21:20:27] Waiting for application startup.
[32mINFO[0m:     [04-05-2025 21:20:27] Application startup complete.
[32mINFO[0m:     [04-05-2025 21:20:27] Uvicorn running on [1mhttp://0.0.0.0:8000[0m (Press CTRL+C to quit)
[32mINFO[0m:     [04-05-2025 21:20:31] 127.0.0.1:51742 - "POST /api/v2/tenants HTTP/1.1" 404
[32mINFO[0m:     [04-05-2025 21:22:54] Shutting down
[32mINFO[0m:     [04-05-2025 21:22:54] Waiting for application shutdown.
[36mDEBUG[0m:    [04-05-2025 21:22:54] Stopping component System
[36mDEBUG[0m:    [04-05-2025 21:22:54] Stopping component SegmentAPI
[36mDEBUG[0m:    [04-05-2025 21:22:54] Stopping component LocalSegmentManager
[36mDEBUG[0m:    [04-05-2025 21:22:54] Stopping component Posthog
[36mDEBUG[0m:    [04-05-2025 21:22:54] Stopping component QuotaEnforcer
[36mDEBUG[0m:    [04-05-2025 21:22:54] Stopping component SqliteDB
[36mDEBUG[0m:    [04-05-2025 21:22:54] Stopping component SimpleAssignmentPolicy
[36mDEBUG[0m:    [04-05-2025 21:22:54] Stopping component OpenTelemetryClient
[32mINFO[0m:     [04-05-2025 21:22:54] Application shutdown complete.
[32mINFO[0m:     [04-05-2025 21:22:54] Finished server process [[36m94835[0m]
